===========================================
###          MODEL: cnn        ###
###    START_TIME: 2024-08-20 00:02:52.919637    ###
 loading data. 
###      Parameters.    ###
--> path : {'output_path': './weights'}
--> hyp : {'batch_size': 8, 'num_epochs': 3, 'learning_rate': 0.001}
--> device : {'gpu': 0, 'num_workers': 0}
--> task : classification
--> log : True
--> plots : True
--> save : True
--> dataset : {'name': 'PoolData', 'train_data_path': './output/train', 'test_data_path': './output/test', 'sample_frequency': 10, 'num_classes': 2, 'num_features': 3, 'preproc': {'window_size': 5, 'window_overlap': 0.95, 'include_2d': False, 'include_3d': False, 'standardize': True, 'savgol': True}}
--> model : {'name': 'cnn', 'num_filters': 64}
======== MODEL CONFIGURATION ======== 
task: classification.
device: {'gpu': 0, 'num_workers': 0}.
======== LOADING DATASET: PoolData ======== 
======== TRAINING MODEL ======== 
Epoch 0: average loss - 0.457708
Epoch 1: average loss - 0.439829
Epoch 2: average loss - 0.385551
======== TESTING MODEL ======== 
FINAL MODEL ACCURACY: 60.47%
======== SAVING MODEL ======== 
===========================================
###          MODEL: cnn        ###
###    START_TIME: 2024-08-20 00:04:11.062788    ###
 loading data. 
###      Parameters.    ###
--> path : {'output_path': './weights'}
--> hyp : {'batch_size': 32, 'num_epochs': 3, 'learning_rate': 0.001}
--> device : {'gpu': 0, 'num_workers': 0}
--> task : classification
--> log : True
--> plots : True
--> save : True
--> dataset : {'name': 'PoolData', 'train_data_path': './output/train', 'test_data_path': './output/test', 'sample_frequency': 10, 'num_classes': 2, 'num_features': 3, 'preproc': {'window_size': 5, 'window_overlap': 0.95, 'include_2d': False, 'include_3d': False, 'standardize': True, 'savgol': True}}
--> model : {'name': 'cnn', 'num_filters': 64}
======== MODEL CONFIGURATION ======== 
task: classification.
device: {'gpu': 0, 'num_workers': 0}.
======== LOADING DATASET: PoolData ======== 
======== TRAINING MODEL ======== 
Epoch 0: average loss - 0.541407
Epoch 1: average loss - 0.486602
Epoch 2: average loss - 0.453946
======== TESTING MODEL ======== 
FINAL MODEL ACCURACY: 61.08%
======== SAVING MODEL ======== 
===========================================
###          MODEL: cnn        ###
###    START_TIME: 2024-08-20 00:05:22.194746    ###
 loading data. 
###      Parameters.    ###
--> path : {'output_path': './weights'}
--> hyp : {'batch_size': 16, 'num_epochs': 3, 'learning_rate': 0.001}
--> device : {'gpu': 0, 'num_workers': 0}
--> task : classification
--> log : True
--> plots : True
--> save : True
--> dataset : {'name': 'PoolData', 'train_data_path': './output/train', 'test_data_path': './output/test', 'sample_frequency': 10, 'num_classes': 2, 'num_features': 3, 'preproc': {'window_size': 5, 'window_overlap': 0.95, 'include_2d': False, 'include_3d': False, 'standardize': True, 'savgol': True}}
--> model : {'name': 'cnn', 'num_filters': 64}
======== MODEL CONFIGURATION ======== 
task: classification.
device: {'gpu': 0, 'num_workers': 0}.
======== LOADING DATASET: PoolData ======== 
======== TRAINING MODEL ======== 
Epoch 0: average loss - 0.491654
Epoch 1: average loss - 0.446886
Epoch 2: average loss - 0.405335
======== TESTING MODEL ======== 
FINAL MODEL ACCURACY: 61.84%
======== SAVING MODEL ======== 
===========================================
###          MODEL: cnn        ###
###    START_TIME: 2024-08-20 00:06:38.246786    ###
 loading data. 
###      Parameters.    ###
--> path : {'output_path': './weights'}
--> hyp : {'batch_size': 32, 'num_epochs': 3, 'learning_rate': 0.001}
--> device : {'gpu': 0, 'num_workers': 0}
--> task : classification
--> log : True
--> plots : True
--> save : True
--> dataset : {'name': 'PoolData', 'train_data_path': './output/train', 'test_data_path': './output/test', 'sample_frequency': 10, 'num_classes': 2, 'num_features': 3, 'preproc': {'window_size': 5, 'window_overlap': 0.95, 'include_2d': False, 'include_3d': False, 'standardize': True, 'savgol': True}}
--> model : {'name': 'cnn', 'num_filters': 64}
======== MODEL CONFIGURATION ======== 
task: classification.
device: {'gpu': 0, 'num_workers': 0}.
======== LOADING DATASET: PoolData ======== 
======== TRAINING MODEL ======== 
Epoch 0: average loss - 0.518537
Epoch 1: average loss - 0.448229
Epoch 2: average loss - 0.406218
======== TESTING MODEL ======== 
FINAL MODEL ACCURACY: 60.62%
======== SAVING MODEL ======== 
===========================================
###          MODEL: cnn        ###
###    START_TIME: 2024-08-20 14:05:38.394814    ###
 loading data. 
###      Parameters.    ###
--> path : {'output_path': './weights'}
--> hyp : {'batch_size': 8, 'num_epochs': 3, 'learning_rate': 0.001}
--> device : {'gpu': 0, 'num_workers': 0}
--> task : classification
--> log : True
--> plots : True
--> save : True
--> dataset : {'name': 'PoolData', 'train_data_path': './output/train', 'test_data_path': './output/test', 'sample_frequency': 10, 'num_classes': 2, 'num_features': 3, 'preproc': {'window_size': 5, 'window_overlap': 0.95, 'include_2d': False, 'include_3d': False, 'standardize': True, 'savgol': True}}
--> model : {'name': 'cnn', 'num_filters': 64}
======== MODEL CONFIGURATION ======== 
task: classification.
device: {'gpu': 0, 'num_workers': 0}.
======== LOADING DATASET: PoolData ======== 
======== TRAINING MODEL ======== 
Epoch 0: average loss - 0.456734
Epoch 1: average loss - 0.425793
Epoch 2: average loss - 0.380516
======== TESTING MODEL ======== 
FINAL MODEL ACCURACY: 61.08%
======== SAVING MODEL ======== 
===========================================
###          MODEL: cnn        ###
###    START_TIME: 2024-08-20 14:06:58.307820    ###
 loading data. 
###      Parameters.    ###
--> path : {'output_path': './weights'}
--> hyp : {'batch_size': 16, 'num_epochs': 3, 'learning_rate': 0.001}
--> device : {'gpu': 0, 'num_workers': 0}
--> task : classification
--> log : True
--> plots : True
--> save : True
--> dataset : {'name': 'PoolData', 'train_data_path': './output/train', 'test_data_path': './output/test', 'sample_frequency': 10, 'num_classes': 2, 'num_features': 3, 'preproc': {'window_size': 5, 'window_overlap': 0.95, 'include_2d': False, 'include_3d': False, 'standardize': True, 'savgol': True}}
--> model : {'name': 'cnn', 'num_filters': 64}
======== MODEL CONFIGURATION ======== 
task: classification.
device: {'gpu': 0, 'num_workers': 0}.
======== LOADING DATASET: PoolData ======== 
======== TRAINING MODEL ======== 
Epoch 0: average loss - 0.535643
Epoch 1: average loss - 0.453672
Epoch 2: average loss - 0.416038
======== TESTING MODEL ======== 
FINAL MODEL ACCURACY: 59.94%
======== SAVING MODEL ======== 
===========================================
###          MODEL: cnn        ###
###    START_TIME: 2024-08-20 14:08:13.652176    ###
 loading data. 
###      Parameters.    ###
--> path : {'output_path': './weights'}
--> hyp : {'batch_size': 32, 'num_epochs': 3, 'learning_rate': 0.001}
--> device : {'gpu': 0, 'num_workers': 0}
--> task : classification
--> log : True
--> plots : True
--> save : True
--> dataset : {'name': 'PoolData', 'train_data_path': './output/train', 'test_data_path': './output/test', 'sample_frequency': 10, 'num_classes': 2, 'num_features': 3, 'preproc': {'window_size': 5, 'window_overlap': 0.95, 'include_2d': False, 'include_3d': False, 'standardize': True, 'savgol': True}}
--> model : {'name': 'cnn', 'num_filters': 64}
======== MODEL CONFIGURATION ======== 
task: classification.
device: {'gpu': 0, 'num_workers': 0}.
======== LOADING DATASET: PoolData ======== 
======== TRAINING MODEL ======== 
Epoch 0: average loss - 0.529939
Epoch 1: average loss - 0.480604
Epoch 2: average loss - 0.415060
======== TESTING MODEL ======== 
FINAL MODEL ACCURACY: 64.13%
======== SAVING MODEL ======== 
===========================================
###          MODEL: cnn        ###
###    START_TIME: 2024-08-24 21:07:01.343815    ###
 loading data. 
###      Parameters.    ###
--> path : {'output_path': './weights'}
--> hyp : {'batch_size': 8, 'num_epochs': 3, 'learning_rate': 0.001, 'weight_decay': 0.0001}
--> device : {'gpu': 0, 'num_workers': 8}
--> task : classification
--> log : True
--> plots : True
--> dataset : {'name': 'PoolData', 'train_data_path': './output/train', 'test_data_path': './output/test', 'sample_frequency': 10, 'num_classes': 2, 'num_features': 3, 'undersample': False, 'preproc': {'window_size': 5, 'window_overlap': 0.95, 'part_trans_acc': True, 'part_rot_acc': False, 'standardize': True, 'savgol': False}}
--> model : {'name': 'cnn', 'num_filters': 64}
======== MODEL CONFIGURATION ======== 
task: classification.
device: {'gpu': 0, 'num_workers': 8}.
======== LOADING DATASET: PoolData ======== 
===========================================
###          MODEL: cnn        ###
###    START_TIME: 2024-08-24 21:07:04.959033    ###
 loading data. 
###      Parameters.    ###
--> path : {'output_path': './weights'}
--> hyp : {'batch_size': 16, 'num_epochs': 3, 'learning_rate': 0.001, 'weight_decay': 0.0001}
--> device : {'gpu': 0, 'num_workers': 8}
--> task : classification
--> log : True
--> plots : True
--> dataset : {'name': 'PoolData', 'train_data_path': './output/train', 'test_data_path': './output/test', 'sample_frequency': 10, 'num_classes': 2, 'num_features': 3, 'undersample': False, 'preproc': {'window_size': 5, 'window_overlap': 0.95, 'part_trans_acc': True, 'part_rot_acc': False, 'standardize': True, 'savgol': False}}
--> model : {'name': 'cnn', 'num_filters': 64}
======== MODEL CONFIGURATION ======== 
task: classification.
device: {'gpu': 0, 'num_workers': 8}.
======== LOADING DATASET: PoolData ======== 
===========================================
###          MODEL: cnn        ###
###    START_TIME: 2024-08-24 21:07:08.595812    ###
 loading data. 
###      Parameters.    ###
--> path : {'output_path': './weights'}
--> hyp : {'batch_size': 32, 'num_epochs': 3, 'learning_rate': 0.001, 'weight_decay': 0.0001}
--> device : {'gpu': 0, 'num_workers': 8}
--> task : classification
--> log : True
--> plots : True
--> dataset : {'name': 'PoolData', 'train_data_path': './output/train', 'test_data_path': './output/test', 'sample_frequency': 10, 'num_classes': 2, 'num_features': 3, 'undersample': False, 'preproc': {'window_size': 5, 'window_overlap': 0.95, 'part_trans_acc': True, 'part_rot_acc': False, 'standardize': True, 'savgol': False}}
--> model : {'name': 'cnn', 'num_filters': 64}
======== MODEL CONFIGURATION ======== 
task: classification.
device: {'gpu': 0, 'num_workers': 8}.
======== LOADING DATASET: PoolData ======== 
===========================================
###          MODEL: cnn        ###
###    START_TIME: 2024-08-25 00:26:23.043104    ###
 loading data. 
###      Parameters.    ###
--> path : {'output_path': './weights'}
--> hyp : {'batch_size': 8, 'num_epochs': 3, 'learning_rate': 0.001, 'weight_decay': 0.0001}
--> device : {'gpu': 0, 'num_workers': 8}
--> task : classification
--> log : True
--> plots : True
--> dataset : {'name': 'PoolData', 'train_data_path': './output/train', 'test_data_path': './output/test', 'sample_frequency': 10, 'num_classes': 2, 'num_features': 3, 'undersample': False, 'preproc': {'window_size': 5, 'window_overlap': 0.95, 'part_trans_acc': True, 'part_rot_acc': False, 'standardize': True, 'savgol': False}}
--> model : {'name': 'cnn', 'num_filters': 64}
======== MODEL CONFIGURATION ======== 
task: classification.
device: {'gpu': 0, 'num_workers': 8}.
======== LOADING DATASET: PoolData ======== 
======== TRAINING MODEL ======== 
===========================================
###          MODEL: cnn        ###
###    START_TIME: 2024-08-25 00:27:55.303769    ###
 loading data. 
###      Parameters.    ###
--> path : {'output_path': './weights'}
--> hyp : {'batch_size': 8, 'num_epochs': 3, 'learning_rate': 0.001, 'weight_decay': 0.0001}
--> device : {'gpu': 0, 'num_workers': 8}
--> task : classification
--> log : True
--> plots : True
--> dataset : {'name': 'PoolData', 'train_data_path': './output/train', 'test_data_path': './output/test', 'sample_frequency': 10, 'num_classes': 2, 'num_features': 36, 'undersample': False, 'preproc': {'window_size': 5, 'window_overlap': 0.95, 'part_trans_acc': True, 'part_rot_acc': False, 'standardize': True, 'savgol': False}}
--> model : {'name': 'cnn', 'num_filters': 64}
======== MODEL CONFIGURATION ======== 
task: classification.
device: {'gpu': 0, 'num_workers': 8}.
======== LOADING DATASET: PoolData ======== 
======== TRAINING MODEL ======== 
Epoch 1: average loss - 0.492799
======== SAVING MODEL ======== 
Epoch 2: average loss - 0.107514
======== SAVING MODEL ======== 
Epoch 3: average loss - 0.317149
======== TESTING MODEL ======== 
FINAL MODEL ACCURACY: 61.98%
===========================================
###          MODEL: cnn        ###
###    START_TIME: 2024-08-25 00:35:48.981260    ###
 loading data. 
###      Parameters.    ###
--> path : {'output_path': './weights'}
--> hyp : {'batch_size': 8, 'num_epochs': 20, 'learning_rate': 0.001, 'weight_decay': 0.0001}
--> device : {'gpu': 0, 'num_workers': 8}
--> task : classification
--> log : True
--> plots : True
--> dataset : {'name': 'PoolData', 'train_data_path': './output/train', 'test_data_path': './output/test', 'sample_frequency': 10, 'num_classes': 2, 'num_features': 36, 'undersample': False, 'preproc': {'window_size': 5, 'window_overlap': 0.95, 'part_trans_acc': True, 'part_rot_acc': False, 'standardize': True, 'savgol': False}}
--> model : {'name': 'cnn', 'num_filters': 64}
======== MODEL CONFIGURATION ======== 
task: classification.
device: {'gpu': 0, 'num_workers': 8}.
======== LOADING DATASET: PoolData ======== 
======== TRAINING MODEL ======== 
Epoch 1: average loss - 0.096149
======== SAVING MODEL ======== 
Epoch 2: average loss - 0.293631
Epoch 3: average loss - 0.022553
======== SAVING MODEL ======== 
Epoch 4: average loss - 0.036052
Epoch 5: average loss - 0.208911
Epoch 6: average loss - 0.018794
======== SAVING MODEL ======== 
Epoch 7: average loss - 0.028599
Epoch 8: average loss - 0.125156
Epoch 9: average loss - 0.102805
Epoch 10: average loss - 0.013403
======== SAVING MODEL ======== 
Epoch 11: average loss - 0.009613
Epoch 12: average loss - 0.055814
Epoch 13: average loss - 0.156268
Epoch 14: average loss - 0.004936
======== SAVING MODEL ======== 
Epoch 15: average loss - 0.233777
Epoch 16: average loss - 1.249490
Epoch 17: average loss - 0.013262
Epoch 18: average loss - 0.156223
Epoch 19: average loss - 0.035813
Epoch 20: average loss - 0.217827
======== TESTING MODEL ======== 
FINAL MODEL ACCURACY: 71.98%
===========================================
###          MODEL: cnn        ###
###    START_TIME: 2024-08-25 00:38:50.087499    ###
 loading data. 
###      Parameters.    ###
--> path : {'output_path': './weights'}
--> hyp : {'batch_size': 8, 'num_epochs': 50, 'learning_rate': 0.001, 'weight_decay': 0.0001}
--> device : {'gpu': 0, 'num_workers': 8}
--> task : classification
--> log : True
--> plots : True
--> dataset : {'name': 'PoolData', 'train_data_path': './output/train', 'test_data_path': './output/test', 'sample_frequency': 10, 'num_classes': 2, 'num_features': 36, 'undersample': False, 'preproc': {'window_size': 5, 'window_overlap': 0.95, 'part_trans_acc': True, 'part_rot_acc': False, 'standardize': True, 'savgol': False}}
--> model : {'name': 'cnn', 'num_filters': 64}
======== MODEL CONFIGURATION ======== 
task: classification.
device: {'gpu': 0, 'num_workers': 8}.
======== LOADING DATASET: PoolData ======== 
======== TRAINING MODEL ======== 
Epoch 1: average loss - 0.094503
======== SAVING MODEL ======== 
Epoch 2: average loss - 0.199251
Epoch 3: average loss - 0.247382
Epoch 4: average loss - 0.223498
Epoch 5: average loss - 0.005682
======== SAVING MODEL ======== 
Epoch 6: average loss - 0.066521
Epoch 7: average loss - 0.186140
Epoch 8: average loss - 3.614791
Epoch 9: average loss - 0.253487
Epoch 10: average loss - 0.018979
Epoch 11: average loss - 0.108249
Epoch 12: average loss - 0.527447
Epoch 13: average loss - 0.005312
======== SAVING MODEL ======== 
Epoch 14: average loss - 0.071061
Epoch 15: average loss - 0.003517
Epoch 16: average loss - 0.210044
Epoch 17: average loss - 1.318476
Epoch 18: average loss - 0.009018
======== SAVING MODEL ======== 
Epoch 19: average loss - 0.011298
======== SAVING MODEL ======== 
Epoch 20: average loss - 0.076528
Epoch 21: average loss - 0.058947
Epoch 22: average loss - 0.136837
Epoch 23: average loss - 0.142014
Epoch 24: average loss - 0.055010
Epoch 25: average loss - 1.609967
Epoch 26: average loss - 0.009657
Epoch 27: average loss - 0.165823
Epoch 28: average loss - 0.061981
Epoch 29: average loss - 0.689070
Epoch 30: average loss - 0.022367
Epoch 31: average loss - 0.081825
Epoch 32: average loss - 0.077762
Epoch 33: average loss - 0.047407
Epoch 34: average loss - 1.323693
Epoch 35: average loss - 0.035630
Epoch 36: average loss - 1.627072
Epoch 37: average loss - 0.033968
Epoch 38: average loss - 0.013987
Epoch 39: average loss - 0.263558
Epoch 40: average loss - 0.005728
Epoch 41: average loss - 0.016723
Epoch 42: average loss - 0.103868
Epoch 43: average loss - 0.012762
Epoch 44: average loss - 0.061857
Epoch 45: average loss - 0.036528
Epoch 46: average loss - 0.085515
Epoch 47: average loss - 0.009663
Epoch 48: average loss - 0.071983
Epoch 49: average loss - 0.008531
Epoch 50: average loss - 0.031129
======== TESTING MODEL ======== 
FINAL MODEL ACCURACY: 83.26%
===========================================
###          MODEL: cnn        ###
###    START_TIME: 2024-08-25 00:46:58.068846    ###
 loading data. 
###      Parameters.    ###
--> path : {'output_path': './weights'}
--> hyp : {'batch_size': 8, 'num_epochs': 20, 'learning_rate': 0.001, 'weight_decay': 0.0001}
--> device : {'gpu': 0, 'num_workers': 8}
--> task : classification
--> log : True
--> plots : True
--> dataset : {'name': 'PoolData', 'train_data_path': './output/train', 'test_data_path': './output/test', 'sample_frequency': 10, 'num_classes': 2, 'num_features': 36, 'undersample': False, 'preproc': {'window_size': 5, 'window_overlap': 0.95, 'part_trans_acc': True, 'part_rot_acc': False, 'standardize': True, 'savgol': False}}
--> model : {'name': 'cnn', 'num_filters': 64}
======== MODEL CONFIGURATION ======== 
task: classification.
device: {'gpu': 0, 'num_workers': 8}.
======== LOADING DATASET: PoolData ======== 
======== TRAINING MODEL ======== 
Epoch 1: average loss - 0.155045
======== SAVING MODEL ======== 
Epoch 2: average loss - 0.052813
======== SAVING MODEL ======== 
Epoch 3: average loss - 0.038418
======== SAVING MODEL ======== 
Epoch 4: average loss - 0.030947
Epoch 5: average loss - 0.112523
Epoch 6: average loss - 0.110278
Epoch 7: average loss - 0.325705
Epoch 8: average loss - 0.031626
Epoch 9: average loss - 0.023427
Epoch 10: average loss - 0.172825
Epoch 11: average loss - 0.008358
Epoch 12: average loss - 0.014912
Epoch 13: average loss - 0.121330
Epoch 14: average loss - 0.438258
Epoch 15: average loss - 0.003933
======== SAVING MODEL ======== 
Epoch 16: average loss - 0.089599
Epoch 17: average loss - 0.007386
======== SAVING MODEL ======== 
Epoch 18: average loss - 0.125783
Epoch 19: average loss - 0.013517
Epoch 20: average loss - 0.033315
======== TESTING MODEL ======== 
FINAL MODEL ACCURACY: 68.26%
===========================================
###          MODEL: cnn        ###
###    START_TIME: 2024-08-25 00:49:01.444501    ###
 loading data. 
###      Parameters.    ###
--> path : {'output_path': './weights'}
--> hyp : {'batch_size': 16, 'num_epochs': 20, 'learning_rate': 0.001, 'weight_decay': 0.0001}
--> device : {'gpu': 0, 'num_workers': 8}
--> task : classification
--> log : True
--> plots : True
--> dataset : {'name': 'PoolData', 'train_data_path': './output/train', 'test_data_path': './output/test', 'sample_frequency': 10, 'num_classes': 2, 'num_features': 36, 'undersample': False, 'preproc': {'window_size': 5, 'window_overlap': 0.95, 'part_trans_acc': True, 'part_rot_acc': False, 'standardize': True, 'savgol': False}}
--> model : {'name': 'cnn', 'num_filters': 64}
======== MODEL CONFIGURATION ======== 
task: classification.
device: {'gpu': 0, 'num_workers': 8}.
======== LOADING DATASET: PoolData ======== 
======== TRAINING MODEL ======== 
Epoch 1: average loss - 0.525651
======== SAVING MODEL ======== 
Epoch 2: average loss - 0.208566
======== SAVING MODEL ======== 
Epoch 3: average loss - 0.068362
======== SAVING MODEL ======== 
Epoch 4: average loss - 1.421060
Epoch 5: average loss - 0.320290
Epoch 6: average loss - 1.870254
Epoch 7: average loss - 0.256416
Epoch 8: average loss - 0.003022
======== SAVING MODEL ======== 
Epoch 9: average loss - 0.002927
Epoch 10: average loss - 0.007800
Epoch 11: average loss - 0.074395
Epoch 12: average loss - 0.013030
Epoch 13: average loss - 0.677169
Epoch 14: average loss - 0.025265
Epoch 15: average loss - 3.583259
Epoch 16: average loss - 0.092467
Epoch 17: average loss - 0.781225
Epoch 18: average loss - 0.008248
Epoch 19: average loss - 0.022207
Epoch 20: average loss - 0.037985
======== TESTING MODEL ======== 
FINAL MODEL ACCURACY: 72.21%
===========================================
###          MODEL: cnn        ###
###    START_TIME: 2024-08-25 00:50:48.654411    ###
 loading data. 
###      Parameters.    ###
--> path : {'output_path': './weights'}
--> hyp : {'batch_size': 32, 'num_epochs': 20, 'learning_rate': 0.001, 'weight_decay': 0.0001}
--> device : {'gpu': 0, 'num_workers': 8}
--> task : classification
--> log : True
--> plots : True
--> dataset : {'name': 'PoolData', 'train_data_path': './output/train', 'test_data_path': './output/test', 'sample_frequency': 10, 'num_classes': 2, 'num_features': 36, 'undersample': False, 'preproc': {'window_size': 5, 'window_overlap': 0.95, 'part_trans_acc': True, 'part_rot_acc': False, 'standardize': True, 'savgol': False}}
--> model : {'name': 'cnn', 'num_filters': 64}
======== MODEL CONFIGURATION ======== 
task: classification.
device: {'gpu': 0, 'num_workers': 8}.
======== LOADING DATASET: PoolData ======== 
======== TRAINING MODEL ======== 
Epoch 1: average loss - 0.707944
======== SAVING MODEL ======== 
Epoch 2: average loss - 0.058636
======== SAVING MODEL ======== 
Epoch 3: average loss - 0.326815
Epoch 4: average loss - 0.111071
Epoch 5: average loss - 0.179935
Epoch 6: average loss - 0.122393
Epoch 7: average loss - 0.015172
======== SAVING MODEL ======== 
Epoch 8: average loss - 1.677089
Epoch 9: average loss - 0.118899
Epoch 10: average loss - 0.608153
Epoch 11: average loss - 0.035088
Epoch 12: average loss - 0.021435
Epoch 13: average loss - 0.001797
======== SAVING MODEL ======== 
Epoch 14: average loss - 0.378686
Epoch 15: average loss - 0.073545
Epoch 16: average loss - 0.063456
Epoch 17: average loss - 1.033279
Epoch 18: average loss - 0.244015
Epoch 19: average loss - 0.005654
Epoch 20: average loss - 0.301235
======== TESTING MODEL ======== 
FINAL MODEL ACCURACY: 77.09%
